Flow report for SinCosCalculator
Tue Dec 30 11:30:48 2025
Quartus II 64-Bit Version 13.0.1 Build 232 06/12/2013 Service Pack 1 SJ Web Edition


---------------------
; Table of Contents ;
---------------------
  1. Legal Notice
  2. Flow Summary
  3. Flow Settings
  4. Flow Non-Default Global Settings
  5. Flow Elapsed Time
  6. Flow OS Summary
  7. Flow Log
  8. Flow Messages
  9. Flow Suppressed Messages



----------------
; Legal Notice ;
----------------
Copyright (C) 1991-2013 Altera Corporation
Your use of Altera Corporation's design tools, logic functions 
and other software and tools, and its AMPP partner logic 
functions, and any output files from any of the foregoing 
(including device programming or simulation files), and any 
associated documentation or information are expressly subject 
to the terms and conditions of the Altera Program License 
Subscription Agreement, Altera MegaCore Function License 
Agreement, or other applicable license agreement, including, 
without limitation, that your use is for the sole purpose of 
programming logic devices manufactured by Altera and sold by 
Altera or its authorized distributors.  Please refer to the 
applicable agreement for further details.



+--------------------------------------------------------------------------------------+
; Flow Summary                                                                         ;
+------------------------------------+-------------------------------------------------+
; Flow Status                        ; Successful - Tue Dec 30 11:30:48 2025           ;
; Quartus II 64-Bit Version          ; 13.0.1 Build 232 06/12/2013 SP 1 SJ Web Edition ;
; Revision Name                      ; SinCosCalculator                                ;
; Top-level Entity Name              ; datapath                                        ;
; Family                             ; Cyclone II                                      ;
; Device                             ; EP2C35F672C6                                    ;
; Timing Models                      ; Final                                           ;
; Total logic elements               ; 415 / 33,216 ( 1 % )                            ;
;     Total combinational functions  ; 413 / 33,216 ( 1 % )                            ;
;     Dedicated logic registers      ; 70 / 33,216 ( < 1 % )                           ;
; Total registers                    ; 70                                              ;
; Total pins                         ; 54 / 475 ( 11 % )                               ;
; Total virtual pins                 ; 0                                               ;
; Total memory bits                  ; 0 / 483,840 ( 0 % )                             ;
; Embedded Multiplier 9-bit elements ; 0 / 70 ( 0 % )                                  ;
; Total PLLs                         ; 0 / 4 ( 0 % )                                   ;
+------------------------------------+-------------------------------------------------+


+-----------------------------------------+
; Flow Settings                           ;
+-------------------+---------------------+
; Option            ; Setting             ;
+-------------------+---------------------+
; Start date & time ; 12/30/2025 11:30:30 ;
; Main task         ; Compilation         ;
; Revision Name     ; SinCosCalculator    ;
+-------------------+---------------------+


+-------------------------------------------------------------------------------------------------------------------------+
; Flow Non-Default Global Settings                                                                                        ;
+-------------------------------------+---------------------------------+------------------+-------------+----------------+
; Assignment Name                     ; Value                           ; Default Value    ; Entity Name ; Section Id     ;
+-------------------------------------+---------------------------------+------------------+-------------+----------------+
; COMPILER_SIGNATURE_ID               ; 136672563506181.176706902907412 ; --               ; --          ; --             ;
; EDA_GENERATE_FUNCTIONAL_NETLIST     ; On                              ; --               ; --          ; eda_simulation ;
; EDA_OUTPUT_DATA_FORMAT              ; Verilog Hdl                     ; --               ; --          ; eda_simulation ;
; EDA_SIMULATION_TOOL                 ; ModelSim-Altera (Verilog)       ; <None>           ; --          ; --             ;
; MAX_CORE_JUNCTION_TEMP              ; 85                              ; --               ; --          ; --             ;
; MIN_CORE_JUNCTION_TEMP              ; 0                               ; --               ; --          ; --             ;
; PARTITION_COLOR                     ; 16764057                        ; --               ; datapath    ; Top            ;
; PARTITION_FITTER_PRESERVATION_LEVEL ; PLACEMENT_AND_ROUTING           ; --               ; datapath    ; Top            ;
; PARTITION_NETLIST_TYPE              ; SOURCE                          ; --               ; datapath    ; Top            ;
; PROJECT_OUTPUT_DIRECTORY            ; output_files                    ; --               ; --          ; --             ;
; TOP_LEVEL_ENTITY                    ; datapath                        ; SinCosCalculator ; --          ; --             ;
+-------------------------------------+---------------------------------+------------------+-------------+----------------+


+-------------------------------------------------------------------------------------------------------------------------------+
; Flow Elapsed Time                                                                                                             ;
+---------------------------+--------------+-------------------------+---------------------+------------------------------------+
; Module Name               ; Elapsed Time ; Average Processors Used ; Peak Virtual Memory ; Total CPU Time (on all processors) ;
+---------------------------+--------------+-------------------------+---------------------+------------------------------------+
; Analysis & Synthesis      ; 00:00:05     ; 1.0                     ; 4628 MB             ; 00:00:05                           ;
; Fitter                    ; 00:00:05     ; 1.0                     ; 4887 MB             ; 00:00:05                           ;
; Assembler                 ; 00:00:02     ; 1.0                     ; 4559 MB             ; 00:00:02                           ;
; TimeQuest Timing Analyzer ; 00:00:00     ; 1.0                     ; 4558 MB             ; 00:00:01                           ;
; EDA Netlist Writer        ; 00:00:01     ; 1.0                     ; 4530 MB             ; 00:00:00                           ;
; Total                     ; 00:00:13     ; --                      ; --                  ; 00:00:13                           ;
+---------------------------+--------------+-------------------------+---------------------+------------------------------------+


+----------------------------------------------------------------------------------------+
; Flow OS Summary                                                                        ;
+---------------------------+------------------+-----------+------------+----------------+
; Module Name               ; Machine Hostname ; OS Name   ; OS Version ; Processor type ;
+---------------------------+------------------+-----------+------------+----------------+
; Analysis & Synthesis      ; tthinh           ; Windows 7 ; 6.2        ; x86_64         ;
; Fitter                    ; tthinh           ; Windows 7 ; 6.2        ; x86_64         ;
; Assembler                 ; tthinh           ; Windows 7 ; 6.2        ; x86_64         ;
; TimeQuest Timing Analyzer ; tthinh           ; Windows 7 ; 6.2        ; x86_64         ;
; EDA Netlist Writer        ; tthinh           ; Windows 7 ; 6.2        ; x86_64         ;
+---------------------------+------------------+-----------+------------+----------------+


------------
; Flow Log ;
------------
quartus_map --read_settings_files=on --write_settings_files=off SinCosCalculator -c SinCosCalculator
quartus_fit --read_settings_files=off --write_settings_files=off SinCosCalculator -c SinCosCalculator
quartus_asm --read_settings_files=off --write_settings_files=off SinCosCalculator -c SinCosCalculator
quartus_sta SinCosCalculator -c SinCosCalculator
quartus_eda --read_settings_files=off --write_settings_files=off SinCosCalculator -c SinCosCalculator



